args: Namespace(dataset='ml-1m_clean', data_path='../datasets/', lr=5e-05, weight_decay=0.0, batch_size=400, epochs=20, topN='[10, 20, 50, 100]', tst_w_val=False, cuda=False, gpu='0', save_path='./saved_models/', log_name='compare', round=1, time_type='cat', dims='[1000]', norm=False, emb_size=10, mean_type='x0', steps=5, noise_schedule='linear-var', noise_scale=0.0001, noise_min=0.0005, noise_max=0.005, sampling_noise=False, sampling_steps=0, reweight=True, use_conditionals=True)
Using CPU
Starting time:  2025-08-10 16:08:17
Loading data from: ../datasets/
user num: 5949
item num: 2810
📊 Binary User Groups Created:
  Inactive Users (Group 0): 2985 users, ≤42.0 interactions
  Active Users (Group 1): 2964 users, >42.0 interactions
data ready.
Creating conditional datasets...
Building conditional DNN model...
models ready.
Number of all parameters: 5635926
Start training...
Running Epoch 001 train loss 669.1051 costs 00: 00: 01
------------------------------------------------------
Running Epoch 002 train loss 614.2232 costs 00: 00: 01
------------------------------------------------------
Running Epoch 003 train loss 569.1669 costs 00: 00: 01
------------------------------------------------------
Running Epoch 004 train loss 538.1310 costs 00: 00: 01
------------------------------------------------------
[Valid]: Precision: 0.0257-0.0247-0.0232-0.0207 Recall: 0.0201-0.0371-0.0789-0.1314 NDCG: 0.0284-0.0338-0.0497-0.0696 MRR: 0.0644-0.0731-0.0802-0.0823
[Test]: Precision: 0.0161-0.016-0.0148-0.013 Recall: 0.0255-0.0466-0.0965-0.1574 NDCG: 0.0224-0.0303-0.0481-0.0671 MRR: 0.044-0.0514-0.0573-0.0595
Running Epoch 005 train loss 512.8930 costs 00: 00: 04
------------------------------------------------------
Running Epoch 006 train loss 496.7665 costs 00: 00: 01
------------------------------------------------------
Running Epoch 007 train loss 470.8246 costs 00: 00: 01
------------------------------------------------------
Running Epoch 008 train loss 461.4952 costs 00: 00: 01
------------------------------------------------------
Running Epoch 009 train loss 443.7186 costs 00: 00: 01
------------------------------------------------------
[Valid]: Precision: 0.0213-0.0231-0.0234-0.0219 Recall: 0.0209-0.0417-0.0936-0.1558 NDCG: 0.0236-0.0321-0.0524-0.0758 MRR: 0.0491-0.0593-0.0675-0.0698
[Test]: Precision: 0.0145-0.0155-0.0157-0.0145 Recall: 0.0276-0.0542-0.1198-0.1953 NDCG: 0.0206-0.0308-0.0535-0.0769 MRR: 0.0361-0.0438-0.0513-0.0538
Running Epoch 010 train loss 425.5663 costs 00: 00: 04
------------------------------------------------------
Running Epoch 011 train loss 410.3886 costs 00: 00: 01
------------------------------------------------------
Running Epoch 012 train loss 398.0613 costs 00: 00: 01
------------------------------------------------------
Running Epoch 013 train loss 390.6592 costs 00: 00: 01
------------------------------------------------------
Running Epoch 014 train loss 375.3976 costs 00: 00: 01
------------------------------------------------------
[Valid]: Precision: 0.0174-0.0205-0.0229-0.0226 Recall: 0.0198-0.0438-0.1046-0.1789 NDCG: 0.019-0.0291-0.053-0.0803 MRR: 0.0363-0.0465-0.0558-0.0585
[Test]: Precision: 0.0118-0.0143-0.0159-0.0154 Recall: 0.0262-0.058-0.1376-0.231 NDCG: 0.0171-0.0291-0.0557-0.0838 MRR: 0.0256-0.034-0.0425-0.0454
Running Epoch 015 train loss 365.8305 costs 00: 00: 04
------------------------------------------------------
Running Epoch 016 train loss 356.1274 costs 00: 00: 01
------------------------------------------------------
Running Epoch 017 train loss 351.7721 costs 00: 00: 01
------------------------------------------------------
Running Epoch 018 train loss 340.9565 costs 00: 00: 01
------------------------------------------------------
Running Epoch 019 train loss 334.3531 costs 00: 00: 01
------------------------------------------------------
[Valid]: Precision: 0.0146-0.0187-0.0223-0.0229 Recall: 0.0182-0.0442-0.112-0.1957 NDCG: 0.0157-0.0268-0.053-0.0832 MRR: 0.028-0.0383-0.0481-0.051
[Test]: Precision: 0.0098-0.0127-0.0159-0.016 Recall: 0.0234-0.0574-0.1499-0.2555 NDCG: 0.0141-0.0266-0.0569-0.0883 MRR: 0.0191-0.0272-0.0367-0.0398
Running Epoch 020 train loss 325.2542 costs 00: 00: 04
------------------------------------------------------
======================================================
End. Best Epoch 020 
[Valid]: Precision: 0.0146-0.0187-0.0223-0.0229 Recall: 0.0182-0.0442-0.112-0.1957 NDCG: 0.0157-0.0268-0.053-0.0832 MRR: 0.028-0.0383-0.0481-0.051
[Test]: Precision: 0.0098-0.0127-0.0159-0.016 Recall: 0.0234-0.0574-0.1499-0.2555 NDCG: 0.0141-0.0266-0.0569-0.0883 MRR: 0.0191-0.0272-0.0367-0.0398
End time:  2025-08-10 16:08:57
