args: Namespace(dataset='ml-1m_clean', data_path='../datasets/', lr=5e-05, weight_decay=0.0, batch_size=400, epochs=20, topN='[10, 20, 50, 100]', tst_w_val=False, cuda=False, gpu='0', save_path='./saved_models/', log_name='compare', round=1, time_type='cat', dims='[1000]', norm=False, emb_size=10, mean_type='x0', steps=5, noise_schedule='linear-var', noise_scale=0.0001, noise_min=0.0005, noise_max=0.005, sampling_noise=False, sampling_steps=0, reweight=True, use_conditionals=False)
Using CPU
Starting time:  2025-08-10 16:07:37
Loading data from: ../datasets/
user num: 5949
item num: 2810
data ready.
Creating standard datasets...
Building standard DNN model...
models ready.
Number of all parameters: 5633920
Start training...
Running Epoch 001 train loss 679.2160 costs 00: 00: 01
------------------------------------------------------
Running Epoch 002 train loss 610.8499 costs 00: 00: 01
------------------------------------------------------
Running Epoch 003 train loss 572.4292 costs 00: 00: 01
------------------------------------------------------
Running Epoch 004 train loss 540.4567 costs 00: 00: 01
------------------------------------------------------
[Valid]: Precision: 0.0528-0.0455-0.0353-0.0281 Recall: 0.0333-0.0568-0.1049-0.1622 NDCG: 0.0598-0.0624-0.076-0.0964 MRR: 0.1328-0.1415-0.147-0.1486
[Test]: Precision: 0.0373-0.0313-0.0233-0.0177 Recall: 0.0453-0.0734-0.1295-0.1917 NDCG: 0.051-0.0584-0.0773-0.097 MRR: 0.1062-0.1139-0.1188-0.1205
Running Epoch 005 train loss 513.4978 costs 00: 00: 04
------------------------------------------------------
Running Epoch 006 train loss 493.8242 costs 00: 00: 01
------------------------------------------------------
Running Epoch 007 train loss 476.2718 costs 00: 00: 01
------------------------------------------------------
Running Epoch 008 train loss 461.1530 costs 00: 00: 01
------------------------------------------------------
Running Epoch 009 train loss 441.5686 costs 00: 00: 01
------------------------------------------------------
[Valid]: Precision: 0.0595-0.0518-0.0407-0.0323 Recall: 0.0421-0.069-0.1268-0.19 NDCG: 0.0688-0.0729-0.0902-0.1134 MRR: 0.1485-0.1578-0.1633-0.1648
[Test]: Precision: 0.0435-0.0371-0.0277-0.0212 Recall: 0.0565-0.0919-0.1597-0.2325 NDCG: 0.0605-0.0709-0.0941-0.1175 MRR: 0.1205-0.1292-0.1347-0.1362
Running Epoch 010 train loss 425.9993 costs 00: 00: 04
------------------------------------------------------
Running Epoch 011 train loss 413.6413 costs 00: 00: 01
------------------------------------------------------
Running Epoch 012 train loss 401.0033 costs 00: 00: 01
------------------------------------------------------
Running Epoch 013 train loss 385.3215 costs 00: 00: 01
------------------------------------------------------
Running Epoch 014 train loss 376.5123 costs 00: 00: 01
------------------------------------------------------
[Valid]: Precision: 0.0634-0.0551-0.0446-0.0359 Recall: 0.0466-0.0796-0.1468-0.2179 NDCG: 0.0738-0.0797-0.1015-0.1279 MRR: 0.1561-0.1664-0.1721-0.1735
[Test]: Precision: 0.0475-0.0408-0.0316-0.0244 Recall: 0.0659-0.1078-0.1934-0.2784 NDCG: 0.067-0.0801-0.1096-0.1369 MRR: 0.129-0.1387-0.1447-0.1463
Running Epoch 015 train loss 366.5215 costs 00: 00: 04
------------------------------------------------------
Running Epoch 016 train loss 354.8689 costs 00: 00: 01
------------------------------------------------------
Running Epoch 017 train loss 350.9327 costs 00: 00: 01
------------------------------------------------------
Running Epoch 018 train loss 342.3840 costs 00: 00: 01
------------------------------------------------------
Running Epoch 019 train loss 334.4818 costs 00: 00: 01
------------------------------------------------------
[Valid]: Precision: 0.065-0.0581-0.0473-0.0386 Recall: 0.0503-0.087-0.1619-0.2423 NDCG: 0.0767-0.0848-0.1093-0.1392 MRR: 0.162-0.1726-0.1786-0.18
[Test]: Precision: 0.0498-0.0436-0.0344-0.0268 Recall: 0.0721-0.1202-0.2191-0.3156 NDCG: 0.071-0.0865-0.1205-0.1515 MRR: 0.1332-0.1439-0.1502-0.1518
Running Epoch 020 train loss 324.1097 costs 00: 00: 04
------------------------------------------------------
======================================================
End. Best Epoch 020 
[Valid]: Precision: 0.065-0.0581-0.0473-0.0386 Recall: 0.0503-0.087-0.1619-0.2423 NDCG: 0.0767-0.0848-0.1093-0.1392 MRR: 0.162-0.1726-0.1786-0.18
[Test]: Precision: 0.0498-0.0436-0.0344-0.0268 Recall: 0.0721-0.1202-0.2191-0.3156 NDCG: 0.071-0.0865-0.1205-0.1515 MRR: 0.1332-0.1439-0.1502-0.1518
End time:  2025-08-10 16:08:15
